<?xml version="1.0" encoding="UTF-8"?>
<!-- Generated by org.testng.reporters.JUnitReportReporter -->
<testsuite hostname="LAPTOP-0F9G0NRM" failures="0" tests="1" name="cucumber.TestNGTestRunner" time="13.498" errors="0" timestamp="2024-12-18T19:05:27 COT" skipped="0">
  <testcase classname="cucumber.TestNGTestRunner" name="runScenario" time="13.498"/>
</testsuite> <!-- cucumber.TestNGTestRunner -->
