<?xml version="1.0" encoding="UTF-8"?>
<!-- Generated by org.testng.reporters.JUnitReportReporter -->
<testsuite hostname="LAPTOP-0F9G0NRM" failures="0" tests="1" name="rahulshettyacademy.tests.StandAloneTest" time="11.448" errors="0" timestamp="2024-07-10T18:13:23 COT" skipped="0">
  <testcase classname="rahulshettyacademy.tests.StandAloneTest" name="sstandAloneTest" time="11.448"/>
</testsuite> <!-- rahulshettyacademy.tests.StandAloneTest -->
