<?xml version="1.0" encoding="UTF-8"?>
<!-- Generated by org.testng.reporters.JUnitReportReporter -->
<testsuite hostname="LAPTOP-0F9G0NRM" failures="0" tests="1" name="rahulshettyacademy.tests.ErrorValidations" time="9.137" errors="0" timestamp="2024-07-10T17:44:35 COT" skipped="0">
  <testcase classname="rahulshettyacademy.tests.ErrorValidations" name="submitOrder" time="9.137"/>
</testsuite> <!-- rahulshettyacademy.tests.ErrorValidations -->
