<?xml version="1.0" encoding="UTF-8"?>
<!-- Generated by org.testng.reporters.JUnitReportReporter -->
<testsuite hostname="LAPTOP-0F9G0NRM" failures="0" tests="3" name="rahulshettyacademy.tests.SubmitOrderTest" time="36.234" errors="0" timestamp="2024-12-18T19:39:28 COT" skipped="0">
  <testcase classname="rahulshettyacademy.tests.SubmitOrderTest" name="submitOrder" time="12.577"/>
  <testcase classname="rahulshettyacademy.tests.SubmitOrderTest" name="OrderHistoryTest" time="9.316"/>
  <testcase classname="rahulshettyacademy.tests.SubmitOrderTest" name="submitOrder" time="14.341"/>
</testsuite> <!-- rahulshettyacademy.tests.SubmitOrderTest -->
