<?xml version="1.0" encoding="UTF-8"?>
<!-- Generated by org.testng.reporters.JUnitReportReporter -->
<testsuite hostname="LAPTOP-0F9G0NRM" failures="0" tests="2" name="rahulshettyacademy.tests.ErrorValidationsTest" time="21.068" errors="0" timestamp="2024-12-18T19:39:28 COT" skipped="0">
  <testcase classname="rahulshettyacademy.tests.ErrorValidationsTest" name="productErrorValidation" time="12.001"/>
  <testcase classname="rahulshettyacademy.tests.ErrorValidationsTest" name="loginErrorValidation" time="9.067"/>
</testsuite> <!-- rahulshettyacademy.tests.ErrorValidationsTest -->
